[    0.000000] Linux version 4.15.0-212-generic (buildd@lcy02-amd64-083) (gcc version 7.5.0 (Ubuntu 7.5.0-3ubuntu1~18.04)) #223-Ubuntu SMP Tue May 23 13:09:22 UTC 2023 (Ubuntu 4.15.0-212.223-generic 4.15.18)
[    0.000000] Command line: BOOT_IMAGE=/boot/vmlinuz-4.15.0-212-generic root=LABEL=cloudimg-rootfs ro console=tty1 console=ttyS0
[    0.000000] KERNEL supported cpus:
[    0.000000]   Intel GenuineIntel
[    0.000000]   AMD AuthenticAMD
[    0.000000]   Centaur CentaurHauls
[    0.000000] x86/fpu: x87 FPU will use FXSAVE
[    0.000000] e820: BIOS-provided physical RAM map:
[    0.000000] BIOS-e820: [mem 0x0000000000000000-0x000000000009fbff] usable
[    0.000000] BIOS-e820: [mem 0x000000000009fc00-0x000000000009ffff] reserved
[    0.000000] BIOS-e820: [mem 0x00000000000f0000-0x00000000000fffff] reserved
[    0.000000] BIOS-e820: [mem 0x0000000000100000-0x000000007ffeffff] usable
[    0.000000] BIOS-e820: [mem 0x000000007fff0000-0x000000007fffffff] ACPI data
[    0.000000] BIOS-e820: [mem 0x00000000fec00000-0x00000000fec00fff] reserved
[    0.000000] BIOS-e820: [mem 0x00000000fee00000-0x00000000fee00fff] reserved
[    0.000000] BIOS-e820: [mem 0x00000000fffc0000-0x00000000ffffffff] reserved
[    0.000000] NX (Execute Disable) protection: active
[    0.000000] SMBIOS 2.5 present.
[    0.000000] DMI: innotek GmbH VirtualBox/VirtualBox, BIOS VirtualBox 12/01/2006
[    0.000000] Hypervisor detected: KVM
[    0.000000] e820: last_pfn = 0x7fff0 max_arch_pfn = 0x400000000
[    0.000000] MTRR: Disabled
[    0.000000] x86/PAT: MTRRs disabled, skipping PAT initialization too.
[    0.000000] CPU MTRRs all blank - virtualized system.
[    0.000000] x86/PAT: Configuration [0-7]: WB  WT  UC- UC  WB  WT  UC- UC  
[    0.000000] found SMP MP-table at [mem 0x0009fff0-0x0009ffff]
[    0.000000] Scanning 1 areas for low memory corruption
[    0.000000] RAMDISK: [mem 0x359cb000-0x36cdcfff]
[    0.000000] ACPI: Early table checksum verification disabled
[    0.000000] ACPI: RSDP 0x00000000000E0000 000024 (v02 VBOX  )
[    0.000000] ACPI: XSDT 0x000000007FFF0030 00003C (v01 VBOX   VBOXXSDT 00000001 ASL  00000061)
[    0.000000] ACPI: FACP 0x000000007FFF00F0 0000F4 (v04 VBOX   VBOXFACP 00000001 ASL  00000061)
[    0.000000] ACPI: DSDT 0x000000007FFF0610 002353 (v02 VBOX   VBOXBIOS 00000002 INTL 20100528)
[    0.000000] ACPI: FACS 0x000000007FFF0200 000040
[    0.000000] ACPI: FACS 0x000000007FFF0200 000040
[    0.000000] ACPI: APIC 0x000000007FFF0240 00005C (v02 VBOX   VBOXAPIC 00000001 ASL  00000061)
[    0.000000] ACPI: SSDT 0x000000007FFF02A0 00036C (v01 VBOX   VBOXCPUT 00000002 INTL 20100528)
[    0.000000] ACPI: Reserving FACP table memory at [mem 0x7fff00f0-0x7fff01e3]
[    0.000000] ACPI: Reserving DSDT table memory at [mem 0x7fff0610-0x7fff2962]
[    0.000000] ACPI: Reserving FACS table memory at [mem 0x7fff0200-0x7fff023f]
[    0.000000] ACPI: Reserving FACS table memory at [mem 0x7fff0200-0x7fff023f]
[    0.000000] ACPI: Reserving APIC table memory at [mem 0x7fff0240-0x7fff029b]
[    0.000000] ACPI: Reserving SSDT table memory at [mem 0x7fff02a0-0x7fff060b]
[    0.000000] No NUMA configuration found
[    0.000000] Faking a node at [mem 0x0000000000000000-0x000000007ffeffff]
[    0.000000] NODE_DATA(0) allocated [mem 0x7ffc5000-0x7ffeffff]
[    0.000000] kvm-clock: cpu 0, msr 0:7ff44001, primary cpu clock
[    0.000000] kvm-clock: Using msrs 4b564d01 and 4b564d00
[    0.000000] kvm-clock: using sched offset of 5057676425 cycles
[    0.000000] clocksource: kvm-clock: mask: 0xffffffffffffffff max_cycles: 0x1cd42e4dffb, max_idle_ns: 881590591483 ns
[    0.000000] Zone ranges:
[    0.000000]   DMA      [mem 0x0000000000001000-0x0000000000ffffff]
[    0.000000]   DMA32    [mem 0x0000000001000000-0x000000007ffeffff]
[    0.000000]   Normal   empty
[    0.000000]   Device   empty
[    0.000000] Movable zone start for each node
[    0.000000] Early memory node ranges
[    0.000000]   node   0: [mem 0x0000000000001000-0x000000000009efff]
[    0.000000]   node   0: [mem 0x0000000000100000-0x000000007ffeffff]
[    0.000000] Reserved but unavailable: 104 pages
[    0.000000] Initmem setup node 0 [mem 0x0000000000001000-0x000000007ffeffff]
[    0.000000] ACPI: PM-Timer IO Port: 0x4008
[    0.000000] IOAPIC[0]: apic_id 2, version 32, address 0xfec00000, GSI 0-23
[    0.000000] ACPI: INT_SRC_OVR (bus 0 bus_irq 0 global_irq 2 dfl dfl)
[    0.000000] ACPI: INT_SRC_OVR (bus 0 bus_irq 9 global_irq 9 low level)
[    0.000000] Using ACPI (MADT) for SMP configuration information
[    0.000000] smpboot: Allowing 2 CPUs, 0 hotplug CPUs
[    0.000000] PM: Registered nosave memory: [mem 0x00000000-0x00000fff]
[    0.000000] PM: Registered nosave memory: [mem 0x0009f000-0x0009ffff]
[    0.000000] PM: Registered nosave memory: [mem 0x000a0000-0x000effff]
[    0.000000] PM: Registered nosave memory: [mem 0x000f0000-0x000fffff]
[    0.000000] e820: [mem 0x80000000-0xfebfffff] available for PCI devices
[    0.000000] Booting paravirtualized kernel on KVM
[    0.000000] clocksource: refined-jiffies: mask: 0xffffffff max_cycles: 0xffffffff, max_idle_ns: 7645519600211568 ns
[    0.000000] setup_percpu: NR_CPUS:8192 nr_cpumask_bits:2 nr_cpu_ids:2 nr_node_ids:1
[    0.000000] percpu: Embedded 50 pages/cpu s167936 r8192 d28672 u1048576
[    0.000000] PV qspinlock hash table entries: 256 (order: 0, 4096 bytes)
[    0.000000] Built 1 zonelists, mobility grouping on.  Total pages: 515961
[    0.000000] Policy zone: DMA32
[    0.000000] Kernel command line: BOOT_IMAGE=/boot/vmlinuz-4.15.0-212-generic root=LABEL=cloudimg-rootfs ro console=tty1 console=ttyS0
[    0.000000] Memory: 2014836K/2096696K available (12300K kernel code, 2477K rwdata, 4324K rodata, 2480K init, 2720K bss, 81860K reserved, 0K cma-reserved)
[    0.000000] SLUB: HWalign=64, Order=0-3, MinObjects=0, CPUs=2, Nodes=1
[    0.000000] ftrace: allocating 39508 entries in 155 pages
[    0.004000] Hierarchical RCU implementation.
[    0.004000] 	RCU restricting CPUs from NR_CPUS=8192 to nr_cpu_ids=2.
[    0.004000] 	Tasks RCU enabled.
[    0.004000] RCU: Adjusting geometry for rcu_fanout_leaf=16, nr_cpu_ids=2
[    0.004000] NR_IRQS: 524544, nr_irqs: 440, preallocated irqs: 16
[    0.004000] random: crng init done
[    0.004000] Console: colour VGA+ 80x25
[    0.004000] console [tty1] enabled
[    0.004000] console [ttyS0] enabled
[    0.004000] ACPI: Core revision 20170831
[    0.004000] ACPI: 2 ACPI AML tables successfully acquired and loaded
[    0.004000] APIC: Switch to symmetric I/O mode setup
[    0.008000] ..TIMER: vector=0x30 apic1=0 pin1=2 apic2=-1 pin2=-1
[    0.008011] tsc: Detected 2611.210 MHz processor
[    0.012011] Calibrating delay loop (skipped) preset value.. 5222.42 BogoMIPS (lpj=10444840)
[    0.016008] pid_max: default: 32768 minimum: 301
[    0.020193] Security Framework initialized
[    0.024010] Yama: becoming mindful.
[    0.028258] AppArmor: AppArmor initialized
[    0.053148] Dentry cache hash table entries: 262144 (order: 9, 2097152 bytes)
[    0.068000] Inode-cache hash table entries: 131072 (order: 8, 1048576 bytes)
[    0.068552] Mount-cache hash table entries: 4096 (order: 3, 32768 bytes)
[    0.072389] Mountpoint-cache hash table entries: 4096 (order: 3, 32768 bytes)
[    0.085117] Last level iTLB entries: 4KB 0, 2MB 0, 4MB 0
[    0.092004] Last level dTLB entries: 4KB 0, 2MB 0, 4MB 0, 1GB 0
[    0.096009] Spectre V1 : Mitigation: usercopy/swapgs barriers and __user pointer sanitization
[    0.100008] Spectre V2 : Mitigation: Enhanced IBRS
[    0.104006] Spectre V2 : Spectre v2 / SpectreRSB mitigation: Filling RSB on context switch
[    0.108009] Spectre V2 : Spectre v2 / PBRSB-eIBRS: Retire a single CALL on VMEXIT
[    0.112008] RETBleed: Mitigation: Enhanced IBRS
[    0.116007] Speculative Store Bypass: Vulnerable
[    0.120209] Freeing SMP alternatives memory: 36K
[    0.252009] APIC calibration not consistent with PM-Timer: 108ms instead of 100ms
[    0.256000] APIC delta adjusted to PM-Timer: 6409029 (6944002)
[    0.256707] smpboot: CPU0: 12th Gen Intel(R) Core(TM) i7-1255U (family: 0x6, model: 0x9a, stepping: 0x4)
[    0.260339] Performance Events: unsupported p6 CPU model 154 no PMU driver, software events only.
[    0.264326] Hierarchical SRCU implementation.
[    0.273188] NMI watchdog: Perf event create on CPU 0 failed with -2
[    0.276010] NMI watchdog: Perf NMI watchdog permanently disabled
[    0.280723] smp: Bringing up secondary CPUs ...
[    0.288967] x86: Booting SMP configuration:
[    0.292010] .... node  #0, CPUs:      #1
[    0.004000] kvm-clock: cpu 1, msr 0:7ff44041, secondary cpu clock
[    0.316000] TSC synchronization [CPU#0 -> CPU#1]:
[    0.316000] Measured 649485 cycles TSC warp between CPUs, turning off TSC clock.
[    0.316000] tsc: Marking TSC unstable due to check_tsc_sync_source failed
[    0.320358] smp: Brought up 1 node, 2 CPUs
[    0.324012] smpboot: Max logical packages: 1
[    0.328012] smpboot: Total of 2 processors activated (10444.84 BogoMIPS)
[    0.336011] devtmpfs: initialized
[    0.340000] x86/mm: Memory block size: 128MB
[    0.340882] evm: security.selinux
[    0.344006] evm: security.SMACK64
[    0.348004] evm: security.SMACK64EXEC
[    0.352007] evm: security.SMACK64TRANSMUTE
[    0.356007] evm: security.SMACK64MMAP
[    0.360006] evm: security.apparmor
[    0.364004] evm: security.ima
[    0.368005] evm: security.capability
[    0.376257] clocksource: jiffies: mask: 0xffffffff max_cycles: 0xffffffff, max_idle_ns: 7645041785100000 ns
[    0.380026] futex hash table entries: 512 (order: 3, 32768 bytes)
[    0.384497] pinctrl core: initialized pinctrl subsystem
[    0.389647] RTC time: 21:28:54, date: 01/29/24
[    0.397718] NET: Registered protocol family 16
[    0.400446] audit: initializing netlink subsys (disabled)
[    0.405147] audit: type=2000 audit(1706563739.799:1): state=initialized audit_enabled=0 res=1
[    0.428017] cpuidle: using governor ladder
[    0.432031] cpuidle: using governor menu
[    0.436075] ACPI: bus type PCI registered
[    0.440007] acpiphp: ACPI Hot Plug PCI Controller Driver version: 0.5
[    0.444970] PCI: Using configuration type 1 for base access
[    0.456827] HugeTLB registered 2.00 MiB page size, pre-allocated 0 pages
[    0.468421] ACPI: Added _OSI(Module Device)
[    0.472019] ACPI: Added _OSI(Processor Device)
[    0.476006] ACPI: Added _OSI(3.0 _SCP Extensions)
[    0.480009] ACPI: Added _OSI(Processor Aggregator Device)
[    0.484009] ACPI: Added _OSI(Linux-Dell-Video)
[    0.488009] ACPI: Added _OSI(Linux-Lenovo-NV-HDMI-Audio)
[    0.492013] ACPI: Added _OSI(Linux-HPI-Hybrid-Graphics)
[    0.501309] ACPI: Executed 1 blocks of module-level executable AML code
[    0.512985] ACPI: Interpreter enabled
[    0.516025] ACPI: (supports S0 S5)
[    0.520007] ACPI: Using IOAPIC for interrupt routing
[    0.525158] PCI: Using host bridge windows from ACPI; if necessary, use "pci=nocrs" and report a bug
[    0.528762] ACPI: Enabled 2 GPEs in block 00 to 07
[    0.565670] ACPI: PCI Root Bridge [PCI0] (domain 0000 [bus 00-ff])
[    0.568020] acpi PNP0A03:00: _OSC: OS supports [ASPM ClockPM Segments MSI]
[    0.573702] acpi PNP0A03:00: _OSC: not requesting OS control; OS requires [ExtendedConfig ASPM ClockPM MSI]
[    0.576044] acpi PNP0A03:00: fail to add MMCONFIG information, can't access extended PCI configuration space under this bridge.
[    0.581878] PCI host bridge to bus 0000:00
[    0.584166] pci_bus 0000:00: root bus resource [io  0x0000-0x0cf7 window]
[    0.588015] pci_bus 0000:00: root bus resource [io  0x0d00-0xffff window]
[    0.592013] pci_bus 0000:00: root bus resource [mem 0x000a0000-0x000bffff window]
[    0.596015] pci_bus 0000:00: root bus resource [mem 0x80000000-0xfdffffff window]
[    0.600015] pci_bus 0000:00: root bus resource [bus 00-ff]
[    0.622354] pci 0000:00:01.1: legacy IDE quirk: reg 0x10: [io  0x01f0-0x01f7]
[    0.624010] pci 0000:00:01.1: legacy IDE quirk: reg 0x14: [io  0x03f6]
[    0.628010] pci 0000:00:01.1: legacy IDE quirk: reg 0x18: [io  0x0170-0x0177]
[    0.632009] pci 0000:00:01.1: legacy IDE quirk: reg 0x1c: [io  0x0376]
[    0.676968] pci 0000:00:07.0: quirk: [io  0x4000-0x403f] claimed by PIIX4 ACPI
[    0.680106] pci 0000:00:07.0: quirk: [io  0x4100-0x410f] claimed by PIIX4 SMB
[    0.708948] ACPI: PCI Interrupt Link [LNKA] (IRQs 5 9 10 *11)
[    0.713673] ACPI: PCI Interrupt Link [LNKB] (IRQs 5 9 *10 11)
[    0.716576] ACPI: PCI Interrupt Link [LNKC] (IRQs 5 *9 10 11)
[    0.720376] ACPI: PCI Interrupt Link [LNKD] (IRQs 5 9 10 *11)
[    0.728463] SCSI subsystem initialized
[    0.736366] pci 0000:00:02.0: vgaarb: setting as boot VGA device
[    0.740000] pci 0000:00:02.0: vgaarb: VGA device added: decodes=io+mem,owns=io+mem,locks=none
[    0.740010] pci 0000:00:02.0: vgaarb: bridge control possible
[    0.744010] vgaarb: loaded
[    0.748147] ACPI: bus type USB registered
[    0.752000] usbcore: registered new interface driver usbfs
[    0.752042] usbcore: registered new interface driver hub
[    0.756106] usbcore: registered new device driver usb
[    0.760371] EDAC MC: Ver: 3.0.0
[    0.772330] PCI: Using ACPI for IRQ routing
[    0.777658] NetLabel: Initializing
[    0.780008] NetLabel:  domain hash size = 128
[    0.784008] NetLabel:  protocols = UNLABELED CIPSOv4 CALIPSO
[    0.788030] NetLabel:  unlabeled traffic allowed by default
[    0.800000] clocksource: Switched to clocksource kvm-clock
[    0.821761] VFS: Disk quotas dquot_6.6.0
[    0.821761] VFS: Dquot-cache hash table entries: 512 (order 0, 4096 bytes)
[    0.821761] AppArmor: AppArmor Filesystem Enabled
[    0.821761] pnp: PnP ACPI init
[    0.821761] pnp: PnP ACPI: found 3 devices
[    1.066787] clocksource: acpi_pm: mask: 0xffffff max_cycles: 0xffffff, max_idle_ns: 2085701024 ns
[    1.081619] NET: Registered protocol family 2
[    1.085457] IP idents hash table entries: 32768 (order: 6, 262144 bytes)
[    1.108727] TCP established hash table entries: 16384 (order: 5, 131072 bytes)
[    1.122644] TCP bind hash table entries: 16384 (order: 6, 262144 bytes)
[    1.136218] TCP: Hash tables configured (established 16384 bind 16384)
[    1.148624] UDP hash table entries: 1024 (order: 3, 32768 bytes)
[    1.160487] UDP-Lite hash table entries: 1024 (order: 3, 32768 bytes)
[    1.171111] NET: Registered protocol family 1
[    1.179851] pci 0000:00:00.0: Limiting direct PCI/PCI transfers
[    1.192017] pci 0000:00:01.0: Activating ISA DMA hang workarounds
[    1.203619] pci 0000:00:02.0: Video device with shadowed ROM at [mem 0x000c0000-0x000dffff]
[    1.218104] Unpacking initramfs...
[    1.332025] Freeing initrd memory: 19528K
[    2.169897] clocksource: tsc: mask: 0xffffffffffffffff max_cycles: 0x25a399d04c4, max_idle_ns: 440795206293 ns
[    2.190033] platform rtc_cmos: registered platform RTC device (no PNP device found)
[    2.208684] Scanning for low memory corruption every 60 seconds
[    2.231207] Initialise system trusted keyrings
[    2.242930] Key type blacklist registered
[    2.253570] workingset: timestamp_bits=36 max_order=19 bucket_order=0
[    2.271041] zbud: loaded
[    2.277679] squashfs: version 4.0 (2009/01/31) Phillip Lougher
[    2.287792] fuse init (API version 7.26)
[    2.350457] Key type asymmetric registered
[    2.364779] Asymmetric key parser 'x509' registered
[    2.381110] Block layer SCSI generic (bsg) driver version 0.4 loaded (major 246)
[    2.397987] io scheduler noop registered
[    2.408222] io scheduler deadline registered
[    2.418439] io scheduler cfq registered (default)
[    2.430968] ACPI: AC Adapter [AC] (on-line)
[    2.440915] input: Power Button as /devices/LNXSYSTM:00/LNXPWRBN:00/input/input0
[    2.457075] ACPI: Power Button [PWRF]
[    2.467493] input: Sleep Button as /devices/LNXSYSTM:00/LNXSLPBN:00/input/input1
[    2.485864] ACPI: Sleep Button [SLPF]
[    2.497356] Serial: 8250/16550 driver, 32 ports, IRQ sharing enabled
[    2.499453] ACPI: Battery Slot [BAT0] (battery present)
[    2.568905] 00:02: ttyS0 at I/O 0x3f8 (irq = 4, base_baud = 115200) is a 16550A
[    2.590351] Linux agpgart interface v0.103
[    2.614167] loop: module loaded
[    2.628091] scsi host0: ata_piix
[    2.638378] scsi host1: ata_piix
[    2.644642] ata1: PATA max UDMA/33 cmd 0x1f0 ctl 0x3f6 bmdma 0xd000 irq 14
[    2.659066] ata2: PATA max UDMA/33 cmd 0x170 ctl 0x376 bmdma 0xd008 irq 15
[    2.671709] tun: Universal TUN/TAP device driver, 1.6
[    2.683623] PPP generic driver version 2.4.2
[    2.694221] ehci_hcd: USB 2.0 'Enhanced' Host Controller (EHCI) Driver
[    2.710842] ehci-pci: EHCI PCI platform driver
[    2.720243] ehci-platform: EHCI generic platform driver
[    2.732261] ohci_hcd: USB 1.1 'Open' Host Controller (OHCI) Driver
[    2.746013] ohci-pci: OHCI PCI platform driver
[    2.755671] ohci-platform: OHCI generic platform driver
[    2.767012] uhci_hcd: USB Universal Host Controller Interface driver
[    2.779444] i8042: PNP: PS/2 Controller [PNP0303:PS2K,PNP0f03:PS2M] at 0x60,0x64 irq 1,12
[    2.804847] serio: i8042 KBD port at 0x60,0x64 irq 1
[    2.813224] serio: i8042 AUX port at 0x60,0x64 irq 12
[    2.824811] mousedev: PS/2 mouse device common for all mice
[    2.840003] input: AT Translated Set 2 keyboard as /devices/platform/i8042/serio0/input/input2
[    2.869935] rtc_cmos rtc_cmos: rtc core: registered rtc_cmos as rtc0
[    2.885826] rtc_cmos rtc_cmos: alarms up to one day, 114 bytes nvram
[    2.899186] i2c /dev entries driver
[    2.907753] device-mapper: uevent: version 1.0.3
[    2.917978] device-mapper: ioctl: 4.37.0-ioctl (2017-09-20) initialised: dm-devel@redhat.com
[    2.950745] ledtrig-cpu: registered to indicate activity on CPUs
[    2.971680] NET: Registered protocol family 10
[    3.005151] Segment Routing with IPv6
[    3.015180] NET: Registered protocol family 17
[    3.026911] Key type dns_resolver registered
[    3.040019] mce: Using 0 MCE banks
[    3.048501] RAS: Correctable Errors collector initialized.
[    3.060044] sched_clock: Marking stable (3059959325, 0)->(5296738775, -2236779450)
[    3.087817] registered taskstats version 1
[    3.101155] Loading compiled-in X.509 certificates
[    3.124846] Loaded X.509 cert 'Build time autogenerated kernel key: b5b26778eaa3ab3a4a6cee031137706e947d12ad'
[    3.145797] Loaded X.509 cert 'Canonical Ltd. Live Patch Signing: 14df34d1a87cf37625abec039ef2bf521249b969'
[    3.166924] Loaded X.509 cert 'Canonical Ltd. Kernel Module Signing: 88f752e560a1e0737e31163a466ad7b70a850c19'
[    3.190509] blacklist: Loading compiled-in revocation X.509 certificates
[    3.206050] Loaded X.509 cert 'Canonical Ltd. Secure Boot Signing: 61482aa2830d0ab2ad5af10b7250da9033ddcef0'
[    3.233444] Loaded X.509 cert 'Canonical Ltd. Secure Boot Signing (2017): 242ade75ac4a15e50d50c84b0d45ff3eae707a03'
[    3.259091] Loaded X.509 cert 'Canonical Ltd. Secure Boot Signing (ESM 2018): 365188c1d374d6b07c3c8f240f8ef722433d6a8b'
[    3.284408] Loaded X.509 cert 'Canonical Ltd. Secure Boot Signing (2019): c0746fd6c5da3ae827864651ad66ae47fe24b3e8'
[    3.312519] Loaded X.509 cert 'Canonical Ltd. Secure Boot Signing (2021 v1): a8d54bbb3825cfb94fa13c9f8a594a195c107b8d'
[    3.332847] Loaded X.509 cert 'Canonical Ltd. Secure Boot Signing (2021 v2): 4cf046892d6fd3c9a5b03f98d845f90851dc6a8c'
[    3.350567] Loaded X.509 cert 'Canonical Ltd. Secure Boot Signing (2021 v3): 100437bb6de6e469b581e61cd66bce3ef4ed53af'
[    3.375988] Loaded X.509 cert 'Canonical Ltd. Secure Boot Signing (Ubuntu Core 2019): c1d57b8f6b743f23ee41f4f7ee292f06eecadfb9'
[    3.404563] zswap: loaded using pool lzo/zbud
[    3.442378] Key type big_key registered
[    3.453529] Key type trusted registered
[    3.474212] Key type encrypted registered
[    3.482466] AppArmor: AppArmor sha1 policy hashing enabled
[    3.493845] ima: No TPM chip found, activating TPM-bypass! (rc=-19)
[    3.507397] ima: Allocated hash algorithm: sha1
[    3.518378] evm: HMAC attrs: 0x1
[    3.528566]   Magic number: 8:304:501
[    3.541917] rtc_cmos rtc_cmos: setting system clock to 2024-01-29 21:28:57 UTC (1706563737)
[    3.564553] BIOS EDD facility v0.16 2004-Jun-25, 0 devices found
[    3.577622] EDD information not available.
[    3.595263] Freeing unused kernel image memory: 2480K
[    3.616384] Write protecting the kernel read-only data: 20480k
[    3.630444] Freeing unused kernel image memory: 2008K
[    3.643190] Freeing unused kernel image memory: 1820K
[    3.662575] x86/mm: Checked W+X mappings: passed, no W+X pages found.
Loading, please wait...
starting version 237
[    3.922685] e1000: Intel(R) PRO/1000 Network Driver - version 7.3.21-k8-NAPI
[    3.935311] e1000: Copyright (c) 1999-2006 Intel Corporation.
[    3.986648] Fusion MPT base driver 3.04.20
[    3.997530] Copyright (c) 1999-2008 LSI Corporation
[    4.045666] SSE version of gcm_enc/dec engaged.
[    4.067044] Fusion MPT SPI Host driver 3.04.20
[    4.389815] input: ImExPS/2 Generic Explorer Mouse as /devices/platform/i8042/serio1/input/input4
[    5.342897] e1000 0000:00:03.0 eth0: (PCI:33MHz:32-bit) 02:3b:7b:b7:3b:2d
[    5.355143] e1000 0000:00:03.0 eth0: Intel(R) PRO/1000 Network Connection
[    5.374234] mptbase: ioc0: Initiating bringup
[    5.393409] e1000 0000:00:03.0 enp0s3: renamed from eth0
[    5.522361] ioc0: LSI53C1030 A0: Capabilities={Initiator}
[    6.716588] scsi host2: ioc0: LSI53C1030 A0, FwRev=00000000h, Ports=1, MaxQ=256, IRQ=20
[    7.534331] scsi 2:0:0:0: Direct-Access     VBOX     HARDDISK         1.0  PQ: 0 ANSI: 5
[    7.677354] scsi target2:0:0: Beginning Domain Validation
[    7.698680] scsi target2:0:0: Domain Validation skipping write tests
[    7.712067] scsi target2:0:0: Ending Domain Validation
[    7.723687] scsi target2:0:0: asynchronous
[    7.737259] scsi 2:0:1:0: Direct-Access     VBOX     HARDDISK         1.0  PQ: 0 ANSI: 5
[    8.960046] scsi target2:0:1: Beginning Domain Validation
[    8.982599] scsi target2:0:1: Domain Validation skipping write tests
[    8.992780] scsi target2:0:1: Ending Domain Validation
[    9.002592] scsi target2:0:1: asynchronous
[    9.043074] sd 2:0:0:0: [sda] 83886080 512-byte logical blocks: (42.9 GB/40.0 GiB)
[    9.057144] sd 2:0:0:0: [sda] Write Protect is off
[    9.059049] sd 2:0:0:0: Attached scsi generic sg0 type 0
[    9.079978] sd 2:0:1:0: Attached scsi generic sg1 type 0
[    9.094727] sd 2:0:0:0: [sda] Incomplete mode parameter data
[    9.105828] sd 2:0:0:0: [sda] Assuming drive cache: write through
[    9.118713] sd 2:0:1:0: [sdb] 20480 512-byte logical blocks: (10.5 MB/10.0 MiB)
[    9.133704] sd 2:0:1:0: [sdb] Write Protect is off
[    9.146038] sd 2:0:1:0: [sdb] Incomplete mode parameter data
[    9.156884] sd 2:0:1:0: [sdb] Assuming drive cache: write through
[    9.181878]  sda: sda1
[    9.190720] sd 2:0:1:0: [sdb] Attached SCSI disk
[    9.207590] sd 2:0:0:0: [sda] Attached SCSI disk
Begin: Loading essential drivers ... [   12.104466] raid6: sse2x1   gen()  8597 MB/s
[   12.160158] raid6: sse2x1   xor()  4844 MB/s
[   12.216259] raid6: sse2x2   gen()  8361 MB/s
[   12.276228] raid6: sse2x2   xor()  5261 MB/s
[   12.333203] raid6: sse2x4   gen()  9064 MB/s
[   12.388693] raid6: sse2x4   xor()  5186 MB/s
[   12.400485] raid6: using algorithm sse2x4 gen() 9064 MB/s
[   12.415954] raid6: .... xor() 5186 MB/s, rmw enabled
[   12.425986] raid6: using ssse3x2 recovery algorithm
[   12.441659] xor: measuring software checksum speed
[   12.492140]    prefetch64-sse: 23632.000 MB/sec
[   12.540545]    generic_sse: 11720.000 MB/sec
[   12.550074] xor: using function: prefetch64-sse (23632.000 MB/sec)
[   12.564384] async_tx: api initialized (async)
done.
Begin: Running /scripts/init-premount ... done.
Begin: Mounting root file system ... Begin: Running /scripts/local-top ... done.
Begin: Running /scripts/local-premount ... [   12.688537] Btrfs loaded, crc32c=crc32c-intel
Scanning for Btrfs filesystems
done.
Warning: fsck not present, so skipping root file system
[   12.817512] EXT4-fs (sda1): mounted filesystem with ordered data mode. Opts: (null)
done.
Begin: Running /scripts/local-bottom ... done.
Begin: Running /scripts/init-bottom ... done.
[   13.215467] ip_tables: (C) 2000-2006 Netfilter Core Team
[   13.250140] systemd[1]: systemd 237 running in system mode. (+PAM +AUDIT +SELINUX +IMA +APPARMOR +SMACK +SYSVINIT +UTMP +LIBCRYPTSETUP +GCRYPT +GNUTLS +ACL +XZ +LZ4 +SECCOMP +BLKID +ELFUTILS +KMOD -IDN2 +IDN -PCRE2 default-hierarchy=hybrid)
[   13.294952] systemd[1]: Detected virtualization oracle.
[   13.304986] systemd[1]: Detected architecture x86-64.

Welcome to [1mUbuntu 18.04.6 LTS[0m!

[   13.382067] systemd[1]: Set hostname to <ubuntu>.
[   13.397873] systemd[1]: Initializing machine ID from random generator.
[   13.409809] systemd[1]: Installed transient /etc/machine-id file.
[   13.970138] systemd[1]: Set up automount Arbitrary Executable File Formats File System Automount Point.
[[0;32m  OK  [0m] Set up automount Arbitrary Executab…rmats File System Automount Point.
[   14.023204] systemd[1]: Created slice User and Session Slice.
[[0;32m  OK  [0m] Created slice User and Session Slice.
[   14.042327] systemd[1]: Created slice System Slice.
[[0;32m  OK  [0m] Created slice System Slice.
[   14.060820] systemd[1]: Listening on Syslog Socket.
[[0;32m  OK  [0m] Listening on Syslog Socket.
[[0;32m  OK  [0m] Listening on Journal Socket.
         Mounting POSIX Message Queue File System...
[[0;32m  OK  [0m] Listening on fsck to fsckd communication Socket.
         Starting File System Check on Root Device...
[[0;32m  OK  [0m] Listening on udev Control Socket.
[[0;32m  OK  [0m] Reached target Swap.
[[0;32m  OK  [0m] Listening on Device-mapper event daemon FIFOs.
[[0;32m  OK  [0m] Listening on LVM2 metadata daemon socket.
         Starting Monitoring of LVM2 mirrors…ng dmeventd or progress polling...
[[0;32m  OK  [0m] Reached target User and Group Name Lookups.
[[0;32m  OK  [0m] Listening on Network Service Netlink Socket.
[[0;32m  OK  [0m] Started Forward Password Requests to Wall Directory Watch.
[[0;32m  OK  [0m] Reached target System Time Synchronized.
[[0;32m  OK  [0m] Created slice system-serial\x2dgetty.slice.
[[0;32m  OK  [0m] Reached target Slices.
         Starting Load Kernel Modules...
[[0;32m  OK  [0m] Listening on /dev/initctl Compatibility Named Pipe.
[[0;32m  OK  [0m] Listening on LVM2 poll daemon socket.[   14.243943] Loading iSCSI transport class v2.0-870.

[[0;32m  OK  [0m] Listening on udev Kernel Socket.
         [   14.269328] iscsi: registered transport (tcp)
Starting udev Coldplug all Devices...
[[0;32m  OK  [0m] Reached target Mounting snaps.
[[0;32m  OK  [0m] Reached target Mounted snaps.
         Mounting Kernel Debug File System...
         Starting Set the console keyboard layout...
         Starting Uncomplicated firewall...
[[0;32m  OK  [0m] Listening on Journal Audit Socket.
         Mounting Huge Pages File System...
         Starting Create list of required st…ce nodes for the current kernel...
[[0;32m  OK  [0m] Listening on Journal Socket (/dev/log).
         Starting Journal Service...
[[0;32m  OK  [0m] Mounted POSIX Message Queue File System.
[[0;32m  OK  [0m] Started File System Check on Root Device.
[[0;32m  OK  [0m] Mounted Kernel Debug File System.
[[0;32m  OK  [0m] Started Uncomplicated firewall.
[[0;32m  OK  [0m] Mounted Huge Pages File System.
[[0;32m  OK  [0m] Started File System Check Daemon to report status.
[[0;32m  OK  [0m] Started LVM2 metadata daemon.
         Starting Remount Root and Kernel File Systems...
[[0;32m  OK  [0m] Started Create list of required sta…vice nodes for the current kernel.
         Starting Create Static Device Nodes in /dev...
[[0;32m  OK  [0m] Started udev Coldplug all Devices.
[[0;32m  OK  [0m] Started Create Static Device Nodes in /dev.
[   14.563626] EXT4-fs (sda1): re-mounted. Opts: (null)
[[0;32m  OK  [0m] Started Remount Root and Kernel File Systems.
         Starting Load/Save Random Seed...
         Starting udev Kernel Device Manager...
[[0;32m  OK  [0m] Started Journal Service.
[[0;32m  OK  [0m] Started Monitoring of LVM2 mirrors,…sing dmeventd or progress polling.
         Starting Flush Journal to Persistent Storage...
[   14.637294] iscsi: registered transport (iser)
[[0;32m  OK  [0m] Started Load Kernel Modules.
         Mounting Kernel Configuration File System...
         Starting Apply Kernel Variables...
         Mounting FUSE Control File System...
[[0;32m  OK  [0m] Started Load/Save Random Seed.
[[0;32m  OK  [0m] Mounted Kernel Configuration File System.
[   14.701349] systemd-journald[418]: Received request to flush runtime journal from PID 1
[[0;32m  OK  [0m] Mounted FUSE Control File System.
[[0;32m  OK  [0m] Started udev Kernel Device Manager.
[[0;32m  OK  [0m] Started Apply Kernel Variables.
[[0;32m  OK  [0m] Started Flush Journal to Persistent Storage.
[[0;32m  OK  [0m] Found device /dev/ttyS0.
[[0;32m  OK  [0m] Listening on Load/Save RF Kill Switch Status /dev/rfkill Watch.
[[0;32m  OK  [0m] Started Set the console keyboard layout.
[[0;32m  OK  [0m] Reached target Local File Systems (Pre).
[[0;32m  OK  [0m] Reached target Local File Systems.
         Starting AppArmor initialization...
         Starting Create Volatile Files and Directories...
         Starting Commit a transient machine-id on disk...
         Starting Tell Plymouth To Write Out Runtime Data...
         Starting Set console font and keymap...
         Starting ebtables ruleset management...
[[0;32m  OK  [0m] Started Dispatch Password Requests to Console Directory Watch.
[[0;32m  OK  [0m] Reached target Local Encrypted Volumes.
[[0;32m  OK  [0m] Started Tell Plymouth To Write Out Runtime Data.
[[0;32m  OK  [0m] Started Create Volatile Files and Directories.
         Starting Update UTMP about System Boot/Shutdown...
[[0;32m  OK  [0m] Started Update UTMP about System Boot/Shutdown.
[[0;32m  OK  [0m] Started Commit a transient machine-id on disk.
[[0;32m  OK  [0m] Started ebtables ruleset management.
         Mounting Arbitrary Executable File Formats File System...
[[0;32m  OK  [0m] Mounted Arbitrary Executable File Formats File System.
[[0;32m  OK  [0m] Started AppArmor initialization.
         Starting Load AppArmor profiles managed internally by snapd...
         Starting Initial cloud-init job (pre-networking)...
[[0;32m  OK  [0m] Started Load AppArmor profiles managed internally by snapd.
[[0;32m  OK  [0m] Started Set console font and keymap.
[   21.217278] cloud-init[757]: Cloud-init v. 23.1.2-0ubuntu0~18.04.1 running 'init-local' at Mon, 29 Jan 2024 21:29:14 +0000. Up 20.57 seconds.
[[0;32m  OK  [0m] Started Initial cloud-init job (pre-networking).
[[0;32m  OK  [0m] Reached target Network (Pre).
         Starting Network Service...
[[0;32m  OK  [0m] Started Network Service.
         Starting Wait for Network to be Configured...
         Starting Network Name Resolution...
[[0;32m  OK  [0m] Started Network Name Resolution.
[[0;32m  OK  [0m] Reached target Network.
[[0;32m  OK  [0m] Reached target Host and Network Name Lookups.
[[0;32m  OK  [0m] Started Wait for Network to be Configured.
         Starting Initial cloud-init job (metadata service crawler)...
[   24.181768] cloud-init[909]: Cloud-init v. 23.1.2-0ubuntu0~18.04.1 running 'init' at Mon, 29 Jan 2024 21:29:17 +0000. Up 23.96 seconds.
[   24.192111] cloud-init[909]: ci-info: ++++++++++++++++++++++++++++++++++++++Net device info++++++++++++++++++++++++++++++++++++++
[   24.204099] cloud-init[909]: ci-info: +--------+------+----------------------------+---------------+--------+-------------------+
[   24.218753] cloud-init[909]: ci-info: | Device |  Up  |          Address           |      Mask     | Scope  |     Hw-Address    |
[   24.245414] cloud-init[909]: ci-info: +--------+------+----------------------------+---------------+--------+-------------------+
[   24.259144] cloud-init[909]: ci-info: | enp0s3 | True |         10.0.2.15          | 255.255.255.0 | global | 02:3b:7b:b7:3b:2d |
[   24.274798] cloud-init[909]: ci-info: | enp0s3 | True | fe80::3b:7bff:feb7:3b2d/64 |       .       |  link  | 02:3b:7b:b7:3b:2d |
[   24.287964] cloud-init[909]: ci-info: |   lo   | True |         127.0.0.1          |   255.0.0.0   |  host  |         .         |
[   24.305229] cloud-init[909]: ci-info: |   lo   | True |          ::1/128           |       .       |  host  |         .         |
[   24.322531] cloud-init[909]: ci-info: +--------+------+----------------------------+---------------+--------+-------------------+
[   24.336190] cloud-init[909]: ci-info: ++++++++++++++++++++++++++++Route IPv4 info+++++++++++++++++++++++++++++
[   24.353194] cloud-init[909]: ci-info: +-------+-------------+----------+-----------------+-----------+-------+
[   24.365502] cloud-init[909]: ci-info: | Route | Destination | Gateway  |     Genmask     | Interface | Flags |
[   24.375057] cloud-init[909]: ci-info: +-------+-------------+----------+-----------------+-----------+-------+
[   24.383129] cloud-init[909]: ci-info: |   0   |   0.0.0.0   | 10.0.2.2 |     0.0.0.0     |   enp0s3  |   UG  |
[   24.388916] cloud-init[909]: ci-info: |   1   |   10.0.2.0  | 0.0.0.0  |  255.255.255.0  |   enp0s3  |   U   |
[   24.396013] cloud-init[909]: ci-info: |   2   |   10.0.2.2  | 0.0.0.0  | 255.255.255.255 |   enp0s3  |   UH  |
[   24.403199] cloud-init[909]: ci-info: +-------+-------------+----------+-----------------+-----------+-------+
[   24.411805] cloud-init[909]: ci-info: +++++++++++++++++++Route IPv6 info+++++++++++++++++++
[   24.421584] cloud-init[909]: ci-info: +-------+-------------+---------+-----------+-------+
[   24.427209] cloud-init[909]: ci-info: | Route | Destination | Gateway | Interface | Flags |
[   24.433608] cloud-init[909]: ci-info: +-------+-------------+---------+-----------+-------+
[   24.439778] cloud-init[909]: ci-info: |   1   |  fe80::/64  |    ::   |   enp0s3  |   U   |
[   24.447447] cloud-init[909]: ci-info: |   3   |    local    |    ::   |   enp0s3  |   U   |
[   24.453210] cloud-init[909]: ci-info: |   4   |   ff00::/8  |    ::   |   enp0s3  |   U   |
[   24.458803] cloud-init[909]: ci-info: +-------+-------------+---------+-----------+-------+
[   25.792331] cloud-init[909]: Generating public/private rsa key pair.
[   25.805757] cloud-init[909]: Your identification has been saved in /etc/ssh/ssh_host_rsa_key.
[   25.818399] cloud-init[909]: Your public key has been saved in /etc/ssh/ssh_host_rsa_key.pub.
[   25.830295] cloud-init[909]: The key fingerprint is:
[   25.841903] cloud-init[909]: SHA256:Z6vdiXwjXVC6o3RaDa8y0AxQHoPMjHhTOrjdC/6O17s root@ubuntu-bionic[[0;32m  OK  [0m] Started Initial cloud-init job (metadata service crawler).
[[0;32m  OK  [0m] Reached target Cloud-config availability.
[[0;32m  OK  [0m] Reached target System Initialization.

[[0;32m  OK  [0m] Started ACPI Events Check.
[[0;32m  OK  [0m] Started Daily Cleanup of Temporary Directories.
[[0;32m  OK  [0m] Started Discard unused blocks once a week.
[[0;32m  OK  [0m] Listening on ACPID Listen Socket.
[[0;32m  OK  [0m] Listening on D-Bus System Message Bus Socket.
[   25.873136] cloud-init[909]: The key's randomart image is:
[   25.873561] cloud-init[909]: +---[RSA 2048]----+
[   25.874971] cloud-init[909]: |   . *.o+        |
[   25.875597] cloud-init[909]: |  ..+.*. o    .  |
[   25.877499] cloud-init[909]: |  ..o. ..    o   |
[   25.878518] cloud-init[909]: |   o o  .   +    |
[[0;32m  OK  [0m] Started Ubuntu Advantage Timer for running repeated jobs.
[[0;32m  OK  [0m[   25.879604] cloud-init[909]: |  . o . S+o  *   |
[   25.889947] cloud-init[909]: |   . . ..o+.= +  |
[   25.890799] cloud-init[909]: |    . .. o.* +   |
[   25.891612] cloud-init[909]: |     o. .+*o=.   |
[   25.893490] cloud-init[909]: |    .oo Eo+=o.   |
[   25.894180] cloud-init[909]: +----[SHA256]-----+
[   25.894838] cloud-init[909]: Generating public/private dsa key pair.
[   25.895499] cloud-init[909]: Your identification has been saved in /etc/ssh/ssh_host_dsa_key.
] Listening on cloud-init hotplug hook socket.
[[0;32m  OK  [0m] Reached target Paths.
[[0;32m  OK  [0m] Started Message of the Day.
[[0;32m  OK  [0m] Listening on Open-iSCSI iscsid Socket.
[[   25.896139] cloud-init[909]: Your public key has been saved in /etc/ssh/ssh_host_dsa_key.pub.
[   25.906478] cloud-init[909]: The key fingerprint is:
[   25.907676] cloud-init[909]: SHA256:JOXbGRB77Wxt1l3789GNA1txVRe4CmgRTASIOFrJj+k root@ubuntu-bionic
[   25.910429] cloud-init[909]: The key's randomart image is:
[0;32m  OK  [0m] Listening on UUID daemon activation socket.
         Starting Socket activation for snappy daemon.
[   25.911765]          Starting LXD - unix socket.
cloud-init[909]: +---[DSA 1024]----+
[   25.927216] cloud-init[909]: |......=+=.    ..*|
[   25.931375] cloud-init[909]: |o.+.   = o . .  o|
[   25.934190] cloud-init[909]: |.o +  . * o . o o|
[[0;32m  OK  [0m] Started Daily apt download activities.
[[0;32m  OK  [0m] Started Daily apt upgrade and clean activities.
[[0;32m  OK  [0m] Reached target Timers.
[[0;32m  OK  [0m] Reached target Network is Online.
[   25.936048] cloud-init[909]: |. o .  = = = o ++|
[   25.942359] cloud-init[909]: | .    . S + * =.o|
[   25.943632] cloud-init[909]: |  E        o * .+|
[   25.946936] cloud-init[909]: |            . oo+|
[   25.949948] cloud-init[909]: |               .+|
[   25.951361]          Starting Availability of block devices...
[[0;32m  OK  [0m] Reached target Remote File Systems (Pre).
cloud-init[909]: |                .|
[   25.962821] cloud-init[909]: +----[SHA256]-----+
[   25.964161] cloud-init[909]: Generating public/private ecdsa key pair.
[[0;32m  OK  [0m] Reached target Remote File Systems.
[   25.967157] cloud-init[909]: Your identification has been saved in /etc/ssh/ssh_host_ecdsa_key.
[[0;32m  OK  [0m] Listening on Socket activation for snappy daemon.
[[0;32m  OK  [0m] Listening on LXD - unix socket.
[   26.083928] [[0;32m  OK  [0m] Started Availability of block devices.
[[0;32m  OK  [0m] Reached target Sockets.
[[0;32m  OK  [0m] Reached target Basic System.
         Starting LXD - container startup/shutdown...
         Starting Permit User Sessions...
[[0;32m  OK  [0m] Started D-Bus System Message Bus.
cloud-init[909]: Your public key has been saved in /etc/ssh/ssh_host_ecdsa_key.pub.
[   26.112455] cloud-init[909]: The key fingerprint is:
[   26.121322] cloud-init[909]: SHA256:eptaYWkDq8oMkG5HOlN2LXz77/fN7bX/+sYwRDt8EbY root@ubuntu-bionic
[   26.132034] cloud-init[909]: The key's randomart image is:
[   26.141307] cloud-init[909]: +---[ECDSA 256]---+
[   26.153092] cloud-init[909]: |               o.|
[   26.171179] cloud-init[909]: |              o..|
[   26.185590] cloud-init[909]: |      .      o E.|
[   26.202519] cloud-init[909]: | .  . .o .    = .|
[   26.217782] cloud-init[909]: |o  + +.oS    . o |
[   26.230991] cloud-init[909]: |o = ..o+.o    o  |
[   26.242496] cloud-init[909]: |.* .. ..o      +.|
[   26.253564] cloud-init         Starting Dispatcher daemon for systemd-networkd...
         Starting LSB: automatic crash report generation...
         Starting Virtualbox guest utils...
         Starting LSB: Record successful boot for GRUB...
[909]: |.++.   o.o   . .B|[[0;32m  OK  [0m] Started FUSE filesystem for LXC.

[   26.314693] [[0;32m  OK  [0m] Started irqbalance daemon.
[[0;32m  OK  [0m] Started Deferred execution scheduler.
cloud-init[909]: |  +   ..o.oo. oB@|
[   26.367239] cloud-init[909]: +----[SHA256]-----+
[   26.379492] cloud-init[909]: Generating public/private ed25519 key pair.
[   26.394150] cloud-init[909]: Your identification has been saved in /etc/ssh/ssh_host_ed25519_key.
[   26.403510] cloud-init[909]: Your public key has been saved in /etc/ssh/ssh_host_ed25519_key.pub.         Starting Snap Daemon...

[   26.420453] cloud-init[909]:          Starting Login Service...
[[0;32m  OK  [0m] Reached target Login Prompts (Pre).
The key fingerprint is:
[   26.449446] cloud-init[909]: SHA256:YdGHCVWE6SaHnIhwnsjB7nykgosrLo5Lxv4bxxYrtm4 root@ubuntu-bionic
[   26.480527] cloud-init[909]: The key's randomart image is:
[   26.497741] cloud-init[909]: +--[ED25519 256]--+
[   26.512005] cloud-init[909]: | .      o+.Bo    |
[   26.521431] cloud-init[909]: |  + .    .* .    |
[   26.533319] cloud-init[909]: | o * o oo+ .     |
[   26.556222] cloud-init[909]: |  + = ..=.+      |
[   26.574184] cloud-init[909]: |.o o .  S+       |
[   26.583098] cloud-init[909]: |+ + o o          |
[   26.592059] cloud-init[909]: |.* = =           |
[   26.606925] cloud-init[909]: |X .E*            |
[   26.621235] cloud-init[909]: |O*+=.            |
[   26.634493] cloud-init[909]: +----[SHA256]-----+
[[0;32m  OK  [0m] Started Regular background program processing daemon.
         Starting Pollinate to seed the pseudo random number generator...
         Starting Accounts Service...
         Starting System Logging Service...
[[0;32m  OK  [0m] Started Permit User Sessions.
         Starting Terminate Plymouth Boot Screen...
         Starting Hold until boot process finishes up...
[[0;32m  OK  [0m] Started Login Service.
[[0;32m  OK  [0m] Started Hold until boot process finishes up.
         Starting Set console scheme...
[[0;32m  OK  [0m] Started Serial Getty on ttyS0.
[[0;32m  OK  [0m] Started Unattended Upgrades Shutdown.
[[0;32m  OK  [0m] Started Terminate Plymouth Boot Screen.
[[0;32m  OK  [0m] Started System Logging Service.
[[0;32m  OK  [0m] Started Set console scheme.
[[0;32m  OK  [0m] Created slice system-getty.slice.
[[0;32m  OK  [0m] Started Getty on tty1.
[[0;32m  OK  [0m] Reached target Login Prompts.
[[0;32m  OK  [0m] Started LXD - container startup/shutdown.
[[0;32m  OK  [0m] Started LSB: automatic crash report generation.
         Starting Authorization Manager...
[[0;32m  OK  [0m] Started LSB: Record successful boot for GRUB.
[[0;32m  OK  [0m] Started Authorization Manager.
[[0;32m  OK  [0m] Started Accounts Service.
[[0;32m  OK  [0m] Started Virtualbox guest utils.
[[0;32m  OK  [0m] Started Dispatcher daemon for systemd-networkd.
[[0;32m  OK  [0m] Started Snap Daemon.
         Starting Wait until snapd is fully seeded...
         Starting Time & Date Service...
[[0;32m  OK  [0m] Started Time & Date Service.
[[0;32m  OK  [0m] Started Pollinate to seed the pseudo random number generator.
         Starting OpenBSD Secure Shell server...
[[0;32m  OK  [0m] Started OpenBSD Secure Shell server.
[[0;32m  OK  [0m] Created slice User Slice of vagrant.
         Starting User Manager for UID 1000...
[[0;32m  OK  [0m] Started Session 1 of user vagrant.
[[0;32m  OK  [0m] Started User Manager for UID 1000.

Ubuntu 18.04.6 LTS ubuntu-bionic ttyS0

ubuntu-bionic login: [   36.852786] cloud-init[1518]: Cloud-init v. 23.1.2-0ubuntu0~18.04.1 running 'modules:config' at Mon, 29 Jan 2024 21:29:30 +0000. Up 36.12 seconds.
ci-info: no authorized SSH keys fingerprints found for user ubuntu.
<14>Jan 29 21:29:31 cloud-init: #############################################################
<14>Jan 29 21:29:31 cloud-init: -----BEGIN SSH HOST KEY FINGERPRINTS-----
<14>Jan 29 21:29:31 cloud-init: 1024 SHA256:JOXbGRB77Wxt1l3789GNA1txVRe4CmgRTASIOFrJj+k root@ubuntu-bionic (DSA)
<14>Jan 29 21:29:31 cloud-init: 256 SHA256:eptaYWkDq8oMkG5HOlN2LXz77/fN7bX/+sYwRDt8EbY root@ubuntu-bionic (ECDSA)
<14>Jan 29 21:29:31 cloud-init: 256 SHA256:YdGHCVWE6SaHnIhwnsjB7nykgosrLo5Lxv4bxxYrtm4 root@ubuntu-bionic (ED25519)
<14>Jan 29 21:29:31 cloud-init: 2048 SHA256:Z6vdiXwjXVC6o3RaDa8y0AxQHoPMjHhTOrjdC/6O17s root@ubuntu-bionic (RSA)
<14>Jan 29 21:29:31 cloud-init: -----END SSH HOST KEY FINGERPRINTS-----
<14>Jan 29 21:29:31 cloud-init: #############################################################
-----BEGIN SSH HOST KEY KEYS-----
ecdsa-sha2-nistp256 AAAAE2VjZHNhLXNoYTItbmlzdHAyNTYAAAAIbmlzdHAyNTYAAABBBGX3OR/2svIde9B36tkvIYQLkTVSH9Y6fXbZouYs1JPjmgxXvGu93uflXggjXLSEZaCBipnNCWapRQeiObhdv5c= root@ubuntu-bionic
ssh-ed25519 AAAAC3NzaC1lZDI1NTE5AAAAIPF2geuk9hn1mXNYQMScEuIoJTDO4MCRdndszKMAQ9jP root@ubuntu-bionic
ssh-rsa AAAAB3NzaC1yc2EAAAADAQABAAABAQDctVsV6ki7ZdiEaqepKzqiwiqw0nZWEktC2JroG+4MXc1XoY36/VBOs8QcvHbSNAsKEfTIlrgkPIf4FWRafM3YUZqrvfyuvMMPRV80bDy45VRAy3cs58UqXWmzXYga/wbOXZCblEQNYNz+0hjhphWAFZ2m48C8lLyWMrtZa5Df3aRXKFOu2J2oKHFIdxanKP6rmQ7I742JP3NOzNtyXkfYFO4VVwwJ2fh0JgnlQs6+YtWeB7v7VVB6pYJUY/9WQHQ9FcC6kSwaLG+YN+SxXr00ZrGW/Bijev1Xd09VvhB75cSfznCRHxSgSbbXMyqsAV6tI8X0KFCn6FjsKdRwd3HB root@ubuntu-bionic
-----END SSH HOST KEY KEYS-----
[   38.171173] cloud-init[1660]: Cloud-init v. 23.1.2-0ubuntu0~18.04.1 running 'modules:final' at Mon, 29 Jan 2024 21:29:31 +0000. Up 37.72 seconds.
[   38.171408] cloud-init[1660]: Cloud-init v. 23.1.2-0ubuntu0~18.04.1 finished at Mon, 29 Jan 2024 21:29:32 +0000. Datasource DataSourceNoCloud [seed=/dev/sdb][dsmode=net].  Up 38.15 seconds
